<?xml version="1.0" encoding="UTF-8"?>
<!-- Generated by org.testng.reporters.JUnitReportReporter -->
<testsuite hostname="DESKTOP-4RITQLV" failures="0" tests="9" name="tests.AdvanceSearchTest" time="4.384" errors="0" timestamp="2024-02-01T23:46:35 CET" skipped="0">
  <testcase classname="tests.AdvanceSearchTest" name="openAdvanceSearchBoxAndVerify" time="0.816"/>
  <testcase classname="tests.AdvanceSearchTest" name="enterValueForCategoryAndVerify" time="0.609"/>
  <testcase classname="tests.AdvanceSearchTest" name="enterValueForCategoryGroupAndVerify" time="0.271"/>
  <testcase classname="tests.AdvanceSearchTest" name="enterMinimalPriceAndVerify" time="0.236"/>
  <testcase classname="tests.AdvanceSearchTest" name="select_Novo_FromAdditionalFilterAndVerify" time="0.451"/>
  <testcase classname="tests.AdvanceSearchTest" name="select_KaoNovoNekorisceno_FromAdditionalFilterAndVerify" time="0.463"/>
  <testcase classname="tests.AdvanceSearchTest" name="checkBox_SamoSaCenom_AndVerify" time="0.170"/>
  <testcase classname="tests.AdvanceSearchTest" name="applyAllChangesAndVerifyIsAdvanceSearchBoxIsClosed" time="1.226"/>
  <testcase classname="tests.AdvanceSearchTest" name="isValidNumberOfProduct" time="0.142"/>
</testsuite> <!-- tests.AdvanceSearchTest -->
