<?xml version="1.0" encoding="UTF-8"?>
<!-- Generated by org.testng.reporters.JUnitReportReporter -->
<testsuite hostname="DESKTOP-4RITQLV" failures="0" tests="9" name="tests.AdvanceSearchTest" time="4.282" errors="0" timestamp="2024-02-01T23:51:43 CET" skipped="0">
  <testcase classname="tests.AdvanceSearchTest" name="openAdvanceSearchBoxAndVerify" time="0.874"/>
  <testcase classname="tests.AdvanceSearchTest" name="enterValueForCategoryAndVerify" time="0.606"/>
  <testcase classname="tests.AdvanceSearchTest" name="enterValueForCategoryGroupAndVerify" time="0.175"/>
  <testcase classname="tests.AdvanceSearchTest" name="enterMinimalPriceAndVerify" time="0.220"/>
  <testcase classname="tests.AdvanceSearchTest" name="select_Novo_FromAdditionalFilterAndVerify" time="0.434"/>
  <testcase classname="tests.AdvanceSearchTest" name="select_KaoNovoNekorisceno_FromAdditionalFilterAndVerify" time="0.379"/>
  <testcase classname="tests.AdvanceSearchTest" name="checkBox_SamoSaCenom_AndVerify" time="0.170"/>
  <testcase classname="tests.AdvanceSearchTest" name="applyAllChangesAndVerifyIsAdvanceSearchBoxIsClosed" time="1.384"/>
  <testcase classname="tests.AdvanceSearchTest" name="isValidNumberOfProduct" time="0.040"/>
</testsuite> <!-- tests.AdvanceSearchTest -->
