<?xml version="1.0" encoding="UTF-8"?>
<!-- Generated by org.testng.reporters.JUnitReportReporter -->
<testsuite hostname="DESKTOP-4RITQLV" failures="0" tests="3" name="tests.AdresarTest" time="0.971" errors="0" timestamp="2024-02-01T23:46:35 CET" skipped="0">
  <testcase classname="tests.AdresarTest" name="verifyIsHomePageAndIsUserLogout" time="0.014"/>
  <testcase classname="tests.AdresarTest" name="openFirstProductOnDetailPage" time="0.609"/>
  <testcase classname="tests.AdresarTest" name="clickOn_DodajteUAdresar_buttonAndVerifyThatDoesNotAdded" time="0.348"/>
</testsuite> <!-- tests.AdresarTest -->
